# JRE version: OpenJDK Runtime Environment Temurin-21.0.6+7 (21.0.6+7) (build 21.0.6+7-LTS)
# Java VM: OpenJDK 64-Bit Server VM Temurin-21.0.6+7 (21.0.6+7-LTS, mixed mode, sharing, tiered, compressed oops, compressed class ptrs, parallel gc, windows-amd64)
GC Precious Log:
 CardTable entry size: 512
 CPUs: 8 total, 8 available
 Memory: 7991M
 Large Page Support: Disabled
 NUMA Support: Disabled
 Compressed Oops: Enabled (32-bit)
 Alignments: Space 512K, Generation 512K, Heap 2M
 Heap Min Capacity: 100M
 Heap Initial Capacity: 100M
 Heap Max Capacity: 1G
 Pre-touch: Disabled
 Parallel Workers: 8
Heap:
 PSYoungGen      total 3584K, used 2815K [0x00000000eab00000, 0x00000000eaf80000, 0x0000000100000000)
  eden space 2560K, 100% used [0x00000000eab00000,0x00000000ead80000,0x00000000ead80000)
  from space 1024K, 24% used [0x00000000ead80000,0x00000000eadbfe50,0x00000000eae80000)
  to   space 512K, 100% used [0x00000000eaf00000,0x00000000eaf80000,0x00000000eaf80000)
 ParOldGen       total 371200K, used 370811K [0x00000000c0000000, 0x00000000d6a80000, 0x00000000eab00000)
  object space 371200K, 99% used [0x00000000c0000000,0x00000000d6a1ee70,0x00000000d6a80000)
 Metaspace       used 91444K, committed 93376K, reserved 1179648K
  class space    used 10422K, committed 11264K, reserved 1048576K
GC Heap History (20 events):
Event: 35.501 GC heap before
{Heap before GC invocations=418 (full 3):
 PSYoungGen      total 3072K, used 3071K [0x00000000eab00000, 0x00000000eaf80000, 0x0000000100000000)
  eden space 2560K, 99% used [0x00000000eab00000,0x00000000ead7fff0,0x00000000ead80000)
  from space 512K, 100% used [0x00000000eaf00000,0x00000000eaf80000,0x00000000eaf80000)
  to   space 1024K, 0% used [0x00000000ead80000,0x00000000ead80000,0x00000000eae80000)
 ParOldGen       total 366592K, used 366212K [0x00000000c0000000, 0x00000000d6600000, 0x00000000eab00000)
  object space 366592K, 99% used [0x00000000c0000000,0x00000000d65a1168,0x00000000d6600000)
 Metaspace       used 91218K, committed 93120K, reserved 1179648K
  class space    used 10412K, committed 11264K, reserved 1048576K
}
Event: 35.502 GC heap after
{Heap after GC invocations=418 (full 3):
 PSYoungGen      total 3584K, used 372K [0x00000000eab00000, 0x00000000eaf80000, 0x0000000100000000)
  eden space 2560K, 0% used [0x00000000eab00000,0x00000000eab00000,0x00000000ead80000)
  from space 1024K, 36% used [0x00000000ead80000,0x00000000eaddd200,0x00000000eae80000)
  to   space 512K, 0% used [0x00000000eaf00000,0x00000000eaf00000,0x00000000eaf80000)
 ParOldGen       total 366592K, used 366316K [0x00000000c0000000, 0x00000000d6600000, 0x00000000eab00000)
  object space 366592K, 99% used [0x00000000c0000000,0x00000000d65bb168,0x00000000d6600000)
 Metaspace       used 91218K, committed 93120K, reserved 1179648K
  class space    used 10412K, committed 11264K, reserved 1048576K
}
Event: 35.514 GC heap before
{Heap before GC invocations=419 (full 3):
 PSYoungGen      total 3584K, used 2932K [0x00000000eab00000, 0x00000000eaf80000, 0x0000000100000000)
  eden space 2560K, 100% used [0x00000000eab00000,0x00000000ead80000,0x00000000ead80000)
  from space 1024K, 36% used [0x00000000ead80000,0x00000000eaddd200,0x00000000eae80000)
  to   space 512K, 0% used [0x00000000eaf00000,0x00000000eaf00000,0x00000000eaf80000)
 ParOldGen       total 366592K, used 366316K [0x00000000c0000000, 0x00000000d6600000, 0x00000000eab00000)
  object space 366592K, 99% used [0x00000000c0000000,0x00000000d65bb168,0x00000000d6600000)
 Metaspace       used 91218K, committed 93120K, reserved 1179648K
  class space    used 10412K, committed 11264K, reserved 1048576K
}
Event: 35.515 GC heap after
{Heap after GC invocations=419 (full 3):
 PSYoungGen      total 3072K, used 496K [0x00000000eab00000, 0x00000000eaf80000, 0x0000000100000000)
  eden space 2560K, 0% used [0x00000000eab00000,0x00000000eab00000,0x00000000ead80000)
  from space 512K, 96% used [0x00000000eaf00000,0x00000000eaf7c010,0x00000000eaf80000)
  to   space 1024K, 0% used [0x00000000ead80000,0x00000000ead80000,0x00000000eae80000)
 ParOldGen       total 366592K, used 366480K [0x00000000c0000000, 0x00000000d6600000, 0x00000000eab00000)
  object space 366592K, 99% used [0x00000000c0000000,0x00000000d65e40d0,0x00000000d6600000)
 Metaspace       used 91218K, committed 93120K, reserved 1179648K
  class space    used 10412K, committed 11264K, reserved 1048576K
}
Event: 35.528 GC heap before
{Heap before GC invocations=420 (full 3):
 PSYoungGen      total 3072K, used 3056K [0x00000000eab00000, 0x00000000eaf80000, 0x0000000100000000)
  eden space 2560K, 100% used [0x00000000eab00000,0x00000000ead80000,0x00000000ead80000)
  from space 512K, 96% used [0x00000000eaf00000,0x00000000eaf7c010,0x00000000eaf80000)
  to   space 1024K, 0% used [0x00000000ead80000,0x00000000ead80000,0x00000000eae80000)
 ParOldGen       total 366592K, used 366480K [0x00000000c0000000, 0x00000000d6600000, 0x00000000eab00000)
  object space 366592K, 99% used [0x00000000c0000000,0x00000000d65e40d0,0x00000000d6600000)
 Metaspace       used 91218K, committed 93120K, reserved 1179648K
  class space    used 10412K, committed 11264K, reserved 1048576K
}
Event: 35.529 GC heap after
{Heap after GC invocations=420 (full 3):
 PSYoungGen      total 3584K, used 416K [0x00000000eab00000, 0x00000000eaf80000, 0x0000000100000000)
  eden space 2560K, 0% used [0x00000000eab00000,0x00000000eab00000,0x00000000ead80000)
  from space 1024K, 40% used [0x00000000ead80000,0x00000000eade8000,0x00000000eae80000)
  to   space 512K, 0% used [0x00000000eaf00000,0x00000000eaf00000,0x00000000eaf80000)
 ParOldGen       total 367104K, used 366848K [0x00000000c0000000, 0x00000000d6680000, 0x00000000eab00000)
  object space 367104K, 99% used [0x00000000c0000000,0x00000000d66400e0,0x00000000d6680000)
 Metaspace       used 91218K, committed 93120K, reserved 1179648K
  class space    used 10412K, committed 11264K, reserved 1048576K
}
Event: 35.550 GC heap before
{Heap before GC invocations=421 (full 3):
 PSYoungGen      total 3584K, used 2976K [0x00000000eab00000, 0x00000000eaf80000, 0x0000000100000000)
  eden space 2560K, 100% used [0x00000000eab00000,0x00000000ead80000,0x00000000ead80000)
  from space 1024K, 40% used [0x00000000ead80000,0x00000000eade8000,0x00000000eae80000)
  to   space 512K, 0% used [0x00000000eaf00000,0x00000000eaf00000,0x00000000eaf80000)
 ParOldGen       total 367104K, used 366848K [0x00000000c0000000, 0x00000000d6680000, 0x00000000eab00000)
  object space 367104K, 99% used [0x00000000c0000000,0x00000000d66400e0,0x00000000d6680000)
 Metaspace       used 91233K, committed 93184K, reserved 1179648K
  class space    used 10412K, committed 11264K, reserved 1048576K
}
Event: 35.552 GC heap after
{Heap after GC invocations=421 (full 3):
 PSYoungGen      total 3072K, used 352K [0x00000000eab00000, 0x00000000eaf80000, 0x0000000100000000)
  eden space 2560K, 0% used [0x00000000eab00000,0x00000000eab00000,0x00000000ead80000)
  from space 512K, 68% used [0x00000000eaf00000,0x00000000eaf58000,0x00000000eaf80000)
  to   space 512K, 0% used [0x00000000eae80000,0x00000000eae80000,0x00000000eaf00000)
 ParOldGen       total 367616K, used 367132K [0x00000000c0000000, 0x00000000d6700000, 0x00000000eab00000)
  object space 367616K, 99% used [0x00000000c0000000,0x00000000d6687110,0x00000000d6700000)
 Metaspace       used 91233K, committed 93184K, reserved 1179648K
  class space    used 10412K, committed 11264K, reserved 1048576K
}
Event: 35.569 GC heap before
{Heap before GC invocations=422 (full 3):
 PSYoungGen      total 3072K, used 2912K [0x00000000eab00000, 0x00000000eaf80000, 0x0000000100000000)
  eden space 2560K, 100% used [0x00000000eab00000,0x00000000ead80000,0x00000000ead80000)
  from space 512K, 68% used [0x00000000eaf00000,0x00000000eaf58000,0x00000000eaf80000)
  to   space 512K, 0% used [0x00000000eae80000,0x00000000eae80000,0x00000000eaf00000)
 ParOldGen       total 367616K, used 367132K [0x00000000c0000000, 0x00000000d6700000, 0x00000000eab00000)
  object space 367616K, 99% used [0x00000000c0000000,0x00000000d6687110,0x00000000d6700000)
 Metaspace       used 91261K, committed 93184K, reserved 1179648K
  class space    used 10412K, committed 11264K, reserved 1048576K
}
Event: 35.571 GC heap after
{Heap after GC invocations=422 (full 3):
 PSYoungGen      total 3072K, used 512K [0x00000000eab00000, 0x00000000eaf80000, 0x0000000100000000)
  eden space 2560K, 0% used [0x00000000eab00000,0x00000000eab00000,0x00000000ead80000)
  from space 512K, 100% used [0x00000000eae80000,0x00000000eaf00000,0x00000000eaf00000)
  to   space 512K, 0% used [0x00000000eaf00000,0x00000000eaf00000,0x00000000eaf80000)
 ParOldGen       total 367616K, used 367436K [0x00000000c0000000, 0x00000000d6700000, 0x00000000eab00000)
  object space 367616K, 99% used [0x00000000c0000000,0x00000000d66d3130,0x00000000d6700000)
 Metaspace       used 91261K, committed 93184K, reserved 1179648K
  class space    used 10412K, committed 11264K, reserved 1048576K
}
Event: 35.607 GC heap before
{Heap before GC invocations=423 (full 3):
 PSYoungGen      total 3072K, used 3072K [0x00000000eab00000, 0x00000000eaf80000, 0x0000000100000000)
  eden space 2560K, 100% used [0x00000000eab00000,0x00000000ead80000,0x00000000ead80000)
  from space 512K, 100% used [0x00000000eae80000,0x00000000eaf00000,0x00000000eaf00000)
  to   space 512K, 0% used [0x00000000eaf00000,0x00000000eaf00000,0x00000000eaf80000)
 ParOldGen       total 367616K, used 367436K [0x00000000c0000000, 0x00000000d6700000, 0x00000000eab00000)
  object space 367616K, 99% used [0x00000000c0000000,0x00000000d66d3130,0x00000000d6700000)
 Metaspace       used 91319K, committed 93248K, reserved 1179648K
  class space    used 10412K, committed 11264K, reserved 1048576K
}
Event: 35.609 GC heap after
{Heap after GC invocations=423 (full 3):
 PSYoungGen      total 3072K, used 442K [0x00000000eab00000, 0x00000000eaf80000, 0x0000000100000000)
  eden space 2560K, 0% used [0x00000000eab00000,0x00000000eab00000,0x00000000ead80000)
  from space 512K, 86% used [0x00000000eaf00000,0x00000000eaf6e900,0x00000000eaf80000)
  to   space 1024K, 0% used [0x00000000ead80000,0x00000000ead80000,0x00000000eae80000)
 ParOldGen       total 368128K, used 367676K [0x00000000c0000000, 0x00000000d6780000, 0x00000000eab00000)
  object space 368128K, 99% used [0x00000000c0000000,0x00000000d670f130,0x00000000d6780000)
 Metaspace       used 91319K, committed 93248K, reserved 1179648K
  class space    used 10412K, committed 11264K, reserved 1048576K
}
Event: 35.615 GC heap before
{Heap before GC invocations=424 (full 3):
 PSYoungGen      total 3072K, used 2996K [0x00000000eab00000, 0x00000000eaf80000, 0x0000000100000000)
  eden space 2560K, 99% used [0x00000000eab00000,0x00000000ead7ea38,0x00000000ead80000)
  from space 512K, 86% used [0x00000000eaf00000,0x00000000eaf6e900,0x00000000eaf80000)
  to   space 1024K, 0% used [0x00000000ead80000,0x00000000ead80000,0x00000000eae80000)
 ParOldGen       total 368128K, used 367676K [0x00000000c0000000, 0x00000000d6780000, 0x00000000eab00000)
  object space 368128K, 99% used [0x00000000c0000000,0x00000000d670f130,0x00000000d6780000)
 Metaspace       used 91321K, committed 93248K, reserved 1179648K
  class space    used 10412K, committed 11264K, reserved 1048576K
}
Event: 35.617 GC heap after
{Heap after GC invocations=424 (full 3):
 PSYoungGen      total 3584K, used 448K [0x00000000eab00000, 0x00000000eaf80000, 0x0000000100000000)
  eden space 2560K, 0% used [0x00000000eab00000,0x00000000eab00000,0x00000000ead80000)
  from space 1024K, 43% used [0x00000000ead80000,0x00000000eadf0000,0x00000000eae80000)
  to   space 512K, 0% used [0x00000000eaf00000,0x00000000eaf00000,0x00000000eaf80000)
 ParOldGen       total 368128K, used 367998K [0x00000000c0000000, 0x00000000d6780000, 0x00000000eab00000)
  object space 368128K, 99% used [0x00000000c0000000,0x00000000d675fab0,0x00000000d6780000)
 Metaspace       used 91321K, committed 93248K, reserved 1179648K
  class space    used 10412K, committed 11264K, reserved 1048576K
}
Event: 35.624 GC heap before
{Heap before GC invocations=425 (full 3):
 PSYoungGen      total 3584K, used 3008K [0x00000000eab00000, 0x00000000eaf80000, 0x0000000100000000)
  eden space 2560K, 100% used [0x00000000eab00000,0x00000000ead80000,0x00000000ead80000)
  from space 1024K, 43% used [0x00000000ead80000,0x00000000eadf0000,0x00000000eae80000)
  to   space 512K, 0% used [0x00000000eaf00000,0x00000000eaf00000,0x00000000eaf80000)
 ParOldGen       total 368128K, used 367998K [0x00000000c0000000, 0x00000000d6780000, 0x00000000eab00000)
  object space 368128K, 99% used [0x00000000c0000000,0x00000000d675fab0,0x00000000d6780000)
 Metaspace       used 91325K, committed 93248K, reserved 1179648K
  class space    used 10412K, committed 11264K, reserved 1048576K
}
Event: 35.626 GC heap after
{Heap after GC invocations=425 (full 3):
 PSYoungGen      total 3072K, used 320K [0x00000000eab00000, 0x00000000eaf80000, 0x0000000100000000)
  eden space 2560K, 0% used [0x00000000eab00000,0x00000000eab00000,0x00000000ead80000)
  from space 512K, 62% used [0x00000000eaf00000,0x00000000eaf50000,0x00000000eaf80000)
  to   space 512K, 0% used [0x00000000eae80000,0x00000000eae80000,0x00000000eaf00000)
 ParOldGen       total 368640K, used 368357K [0x00000000c0000000, 0x00000000d6800000, 0x00000000eab00000)
  object space 368640K, 99% used [0x00000000c0000000,0x00000000d67b9580,0x00000000d6800000)
 Metaspace       used 91325K, committed 93248K, reserved 1179648K
  class space    used 10412K, committed 11264K, reserved 1048576K
}
Event: 35.635 GC heap before
{Heap before GC invocations=426 (full 3):
 PSYoungGen      total 3072K, used 2880K [0x00000000eab00000, 0x00000000eaf80000, 0x0000000100000000)
  eden space 2560K, 100% used [0x00000000eab00000,0x00000000ead80000,0x00000000ead80000)
  from space 512K, 62% used [0x00000000eaf00000,0x00000000eaf50000,0x00000000eaf80000)
  to   space 512K, 0% used [0x00000000eae80000,0x00000000eae80000,0x00000000eaf00000)
 ParOldGen       total 368640K, used 368357K [0x00000000c0000000, 0x00000000d6800000, 0x00000000eab00000)
  object space 368640K, 99% used [0x00000000c0000000,0x00000000d67b9580,0x00000000d6800000)
 Metaspace       used 91326K, committed 93248K, reserved 1179648K
  class space    used 10412K, committed 11264K, reserved 1048576K
}
Event: 35.637 GC heap after
{Heap after GC invocations=426 (full 3):
 PSYoungGen      total 3072K, used 448K [0x00000000eab00000, 0x00000000eaf80000, 0x0000000100000000)
  eden space 2560K, 0% used [0x00000000eab00000,0x00000000eab00000,0x00000000ead80000)
  from space 512K, 87% used [0x00000000eae80000,0x00000000eaef0000,0x00000000eaf00000)
  to   space 512K, 0% used [0x00000000eaf00000,0x00000000eaf00000,0x00000000eaf80000)
 ParOldGen       total 368640K, used 368589K [0x00000000c0000000, 0x00000000d6800000, 0x00000000eab00000)
  object space 368640K, 99% used [0x00000000c0000000,0x00000000d67f3580,0x00000000d6800000)
 Metaspace       used 91326K, committed 93248K, reserved 1179648K
  class space    used 10412K, committed 11264K, reserved 1048576K
}
Event: 35.650 GC heap before
{Heap before GC invocations=427 (full 3):
 PSYoungGen      total 3072K, used 3008K [0x00000000eab00000, 0x00000000eaf80000, 0x0000000100000000)
  eden space 2560K, 100% used [0x00000000eab00000,0x00000000ead80000,0x00000000ead80000)
  from space 512K, 87% used [0x00000000eae80000,0x00000000eaef0000,0x00000000eaf00000)
  to   space 512K, 0% used [0x00000000eaf00000,0x00000000eaf00000,0x00000000eaf80000)
 ParOldGen       total 370176K, used 370069K [0x00000000c0000000, 0x00000000d6980000, 0x00000000eab00000)
  object space 370176K, 99% used [0x00000000c0000000,0x00000000d6965510,0x00000000d6980000)
 Metaspace       used 91336K, committed 93248K, reserved 1179648K
  class space    used 10412K, committed 11264K, reserved 1048576K
}
Event: 35.652 GC heap after
{Heap after GC invocations=427 (full 3):
 PSYoungGen      total 3072K, used 492K [0x00000000eab00000, 0x00000000eaf80000, 0x0000000100000000)
  eden space 2560K, 0% used [0x00000000eab00000,0x00000000eab00000,0x00000000ead80000)
  from space 512K, 96% used [0x00000000eaf00000,0x00000000eaf7b1e0,0x00000000eaf80000)
  to   space 1024K, 0% used [0x00000000ead80000,0x00000000ead80000,0x00000000eae80000)
 ParOldGen       total 370688K, used 370348K [0x00000000c0000000, 0x00000000d6a00000, 0x00000000eab00000)
  object space 370688K, 99% used [0x00000000c0000000,0x00000000d69ab2b8,0x00000000d6a00000)
 Metaspace       used 91336K, committed 93248K, reserved 1179648K
  class space    used 10412K, committed 11264K, reserved 1048576K
}

