# JRE version: OpenJDK Runtime Environment Temurin-21.0.6+7 (21.0.6+7) (build 21.0.6+7-LTS)
# Java VM: OpenJDK 64-Bit Server VM Temurin-21.0.6+7 (21.0.6+7-LTS, mixed mode, sharing, tiered, compressed oops, compressed class ptrs, parallel gc, windows-amd64)
GC Precious Log:
 CardTable entry size: 512
 CPUs: 8 total, 8 available
 Memory: 7991M
 Large Page Support: Disabled
 NUMA Support: Disabled
 Compressed Oops: Enabled (32-bit)
 Alignments: Space 512K, Generation 512K, Heap 2M
 Heap Min Capacity: 100M
 Heap Initial Capacity: 100M
 Heap Max Capacity: 1G
 Pre-touch: Disabled
 Parallel Workers: 8
Heap:
 PSYoungGen      total 58368K, used 35811K [0x00000000eab00000, 0x00000000ee900000, 0x0000000100000000)
  eden space 53248K, 67% used [0x00000000eab00000,0x00000000ecdf8e80,0x00000000edf00000)
  from space 5120K, 0% used [0x00000000edf00000,0x00000000edf00000,0x00000000ee400000)
  to   space 5120K, 0% used [0x00000000ee400000,0x00000000ee400000,0x00000000ee900000)
 ParOldGen       total 166912K, used 116770K [0x00000000c0000000, 0x00000000ca300000, 0x00000000eab00000)
  object space 166912K, 69% used [0x00000000c0000000,0x00000000c72088e0,0x00000000ca300000)
 Metaspace       used 74253K, committed 75904K, reserved 1179648K
  class space    used 8781K, committed 9536K, reserved 1048576K
GC Heap History (20 events):
Event: 68.007 GC heap before
{Heap before GC invocations=118 (full 5):
 PSYoungGen      total 50688K, used 50670K [0x00000000eab00000, 0x00000000ee780000, 0x0000000100000000)
  eden space 46080K, 100% used [0x00000000eab00000,0x00000000ed800000,0x00000000ed800000)
  from space 4608K, 99% used [0x00000000ede00000,0x00000000ee27bb30,0x00000000ee280000)
  to   space 6144K, 0% used [0x00000000ed800000,0x00000000ed800000,0x00000000ede00000)
 ParOldGen       total 161280K, used 161076K [0x00000000c0000000, 0x00000000c9d80000, 0x00000000eab00000)
  object space 161280K, 99% used [0x00000000c0000000,0x00000000c9d4d278,0x00000000c9d80000)
 Metaspace       used 71335K, committed 72960K, reserved 1114112K
  class space    used 8473K, committed 9216K, reserved 1048576K
}
Event: 68.013 GC heap after
{Heap after GC invocations=118 (full 5):
 PSYoungGen      total 52224K, used 3952K [0x00000000eab00000, 0x00000000ee300000, 0x0000000100000000)
  eden space 46080K, 0% used [0x00000000eab00000,0x00000000eab00000,0x00000000ed800000)
  from space 6144K, 64% used [0x00000000ed800000,0x00000000edbdc020,0x00000000ede00000)
  to   space 4608K, 0% used [0x00000000ede80000,0x00000000ede80000,0x00000000ee300000)
 ParOldGen       total 162304K, used 162183K [0x00000000c0000000, 0x00000000c9e80000, 0x00000000eab00000)
  object space 162304K, 99% used [0x00000000c0000000,0x00000000c9e61e90,0x00000000c9e80000)
 Metaspace       used 71335K, committed 72960K, reserved 1114112K
  class space    used 8473K, committed 9216K, reserved 1048576K
}
Event: 68.106 GC heap before
{Heap before GC invocations=119 (full 5):
 PSYoungGen      total 52224K, used 50032K [0x00000000eab00000, 0x00000000ee300000, 0x0000000100000000)
  eden space 46080K, 100% used [0x00000000eab00000,0x00000000ed800000,0x00000000ed800000)
  from space 6144K, 64% used [0x00000000ed800000,0x00000000edbdc020,0x00000000ede00000)
  to   space 4608K, 0% used [0x00000000ede80000,0x00000000ede80000,0x00000000ee300000)
 ParOldGen       total 162304K, used 162183K [0x00000000c0000000, 0x00000000c9e80000, 0x00000000eab00000)
  object space 162304K, 99% used [0x00000000c0000000,0x00000000c9e61e90,0x00000000c9e80000)
 Metaspace       used 71346K, committed 72960K, reserved 1114112K
  class space    used 8474K, committed 9216K, reserved 1048576K
}
Event: 68.111 GC heap after
{Heap after GC invocations=119 (full 5):
 PSYoungGen      total 52736K, used 4176K [0x00000000eab00000, 0x00000000ee300000, 0x0000000100000000)
  eden space 48128K, 0% used [0x00000000eab00000,0x00000000eab00000,0x00000000eda00000)
  from space 4608K, 90% used [0x00000000ede80000,0x00000000ee294020,0x00000000ee300000)
  to   space 4608K, 0% used [0x00000000eda00000,0x00000000eda00000,0x00000000ede80000)
 ParOldGen       total 162304K, used 162191K [0x00000000c0000000, 0x00000000c9e80000, 0x00000000eab00000)
  object space 162304K, 99% used [0x00000000c0000000,0x00000000c9e63e90,0x00000000c9e80000)
 Metaspace       used 71346K, committed 72960K, reserved 1114112K
  class space    used 8474K, committed 9216K, reserved 1048576K
}
Event: 68.181 GC heap before
{Heap before GC invocations=120 (full 5):
 PSYoungGen      total 52736K, used 52304K [0x00000000eab00000, 0x00000000ee300000, 0x0000000100000000)
  eden space 48128K, 100% used [0x00000000eab00000,0x00000000eda00000,0x00000000eda00000)
  from space 4608K, 90% used [0x00000000ede80000,0x00000000ee294020,0x00000000ee300000)
  to   space 4608K, 0% used [0x00000000eda00000,0x00000000eda00000,0x00000000ede80000)
 ParOldGen       total 162304K, used 162191K [0x00000000c0000000, 0x00000000c9e80000, 0x00000000eab00000)
  object space 162304K, 99% used [0x00000000c0000000,0x00000000c9e63e90,0x00000000c9e80000)
 Metaspace       used 71367K, committed 72960K, reserved 1114112K
  class space    used 8474K, committed 9216K, reserved 1048576K
}
Event: 68.185 GC heap after
{Heap after GC invocations=120 (full 5):
 PSYoungGen      total 52736K, used 4576K [0x00000000eab00000, 0x00000000ee600000, 0x0000000100000000)
  eden space 48128K, 0% used [0x00000000eab00000,0x00000000eab00000,0x00000000eda00000)
  from space 4608K, 99% used [0x00000000eda00000,0x00000000ede78030,0x00000000ede80000)
  to   space 5120K, 0% used [0x00000000ee100000,0x00000000ee100000,0x00000000ee600000)
 ParOldGen       total 162816K, used 162431K [0x00000000c0000000, 0x00000000c9f00000, 0x00000000eab00000)
  object space 162816K, 99% used [0x00000000c0000000,0x00000000c9e9fe90,0x00000000c9f00000)
 Metaspace       used 71367K, committed 72960K, reserved 1114112K
  class space    used 8474K, committed 9216K, reserved 1048576K
}
Event: 68.275 GC heap before
{Heap before GC invocations=121 (full 5):
 PSYoungGen      total 52736K, used 52704K [0x00000000eab00000, 0x00000000ee600000, 0x0000000100000000)
  eden space 48128K, 100% used [0x00000000eab00000,0x00000000eda00000,0x00000000eda00000)
  from space 4608K, 99% used [0x00000000eda00000,0x00000000ede78030,0x00000000ede80000)
  to   space 5120K, 0% used [0x00000000ee100000,0x00000000ee100000,0x00000000ee600000)
 ParOldGen       total 162816K, used 162431K [0x00000000c0000000, 0x00000000c9f00000, 0x00000000eab00000)
  object space 162816K, 99% used [0x00000000c0000000,0x00000000c9e9fe90,0x00000000c9f00000)
 Metaspace       used 71367K, committed 72960K, reserved 1114112K
  class space    used 8474K, committed 9216K, reserved 1048576K
}
Event: 68.282 GC heap after
{Heap after GC invocations=121 (full 5):
 PSYoungGen      total 54784K, used 5104K [0x00000000eab00000, 0x00000000ee700000, 0x0000000100000000)
  eden space 49664K, 0% used [0x00000000eab00000,0x00000000eab00000,0x00000000edb80000)
  from space 5120K, 99% used [0x00000000ee100000,0x00000000ee5fc020,0x00000000ee600000)
  to   space 5632K, 0% used [0x00000000edb80000,0x00000000edb80000,0x00000000ee100000)
 ParOldGen       total 162816K, used 162751K [0x00000000c0000000, 0x00000000c9f00000, 0x00000000eab00000)
  object space 162816K, 99% used [0x00000000c0000000,0x00000000c9eefe90,0x00000000c9f00000)
 Metaspace       used 71367K, committed 72960K, reserved 1114112K
  class space    used 8474K, committed 9216K, reserved 1048576K
}
Event: 68.389 GC heap before
{Heap before GC invocations=122 (full 5):
 PSYoungGen      total 54784K, used 54768K [0x00000000eab00000, 0x00000000ee700000, 0x0000000100000000)
  eden space 49664K, 100% used [0x00000000eab00000,0x00000000edb80000,0x00000000edb80000)
  from space 5120K, 99% used [0x00000000ee100000,0x00000000ee5fc020,0x00000000ee600000)
  to   space 5632K, 0% used [0x00000000edb80000,0x00000000edb80000,0x00000000ee100000)
 ParOldGen       total 162816K, used 162751K [0x00000000c0000000, 0x00000000c9f00000, 0x00000000eab00000)
  object space 162816K, 99% used [0x00000000c0000000,0x00000000c9eefe90,0x00000000c9f00000)
 Metaspace       used 71395K, committed 73024K, reserved 1114112K
  class space    used 8474K, committed 9216K, reserved 1048576K
}
Event: 68.395 GC heap after
{Heap after GC invocations=122 (full 5):
 PSYoungGen      total 55296K, used 5600K [0x00000000eab00000, 0x00000000ee980000, 0x0000000100000000)
  eden space 49664K, 0% used [0x00000000eab00000,0x00000000eab00000,0x00000000edb80000)
  from space 5632K, 99% used [0x00000000edb80000,0x00000000ee0f8030,0x00000000ee100000)
  to   space 6144K, 0% used [0x00000000ee380000,0x00000000ee380000,0x00000000ee980000)
 ParOldGen       total 163328K, used 163053K [0x00000000c0000000, 0x00000000c9f80000, 0x00000000eab00000)
  object space 163328K, 99% used [0x00000000c0000000,0x00000000c9f3b740,0x00000000c9f80000)
 Metaspace       used 71395K, committed 73024K, reserved 1114112K
  class space    used 8474K, committed 9216K, reserved 1048576K
}
Event: 68.457 GC heap before
{Heap before GC invocations=123 (full 5):
 PSYoungGen      total 55296K, used 55264K [0x00000000eab00000, 0x00000000ee980000, 0x0000000100000000)
  eden space 49664K, 100% used [0x00000000eab00000,0x00000000edb80000,0x00000000edb80000)
  from space 5632K, 99% used [0x00000000edb80000,0x00000000ee0f8030,0x00000000ee100000)
  to   space 6144K, 0% used [0x00000000ee380000,0x00000000ee380000,0x00000000ee980000)
 ParOldGen       total 163328K, used 163053K [0x00000000c0000000, 0x00000000c9f80000, 0x00000000eab00000)
  object space 163328K, 99% used [0x00000000c0000000,0x00000000c9f3b740,0x00000000c9f80000)
 Metaspace       used 71400K, committed 73024K, reserved 1114112K
  class space    used 8474K, committed 9216K, reserved 1048576K
}
Event: 68.463 GC heap after
{Heap after GC invocations=123 (full 5):
 PSYoungGen      total 57344K, used 6128K [0x00000000eab00000, 0x00000000eea80000, 0x0000000100000000)
  eden space 51200K, 0% used [0x00000000eab00000,0x00000000eab00000,0x00000000edd00000)
  from space 6144K, 99% used [0x00000000ee380000,0x00000000ee97c020,0x00000000ee980000)
  to   space 6656K, 0% used [0x00000000edd00000,0x00000000edd00000,0x00000000ee380000)
 ParOldGen       total 163840K, used 163341K [0x00000000c0000000, 0x00000000ca000000, 0x00000000eab00000)
  object space 163840K, 99% used [0x00000000c0000000,0x00000000c9f83750,0x00000000ca000000)
 Metaspace       used 71400K, committed 73024K, reserved 1114112K
  class space    used 8474K, committed 9216K, reserved 1048576K
}
Event: 68.509 GC heap before
{Heap before GC invocations=124 (full 5):
 PSYoungGen      total 57344K, used 57328K [0x00000000eab00000, 0x00000000eea80000, 0x0000000100000000)
  eden space 51200K, 100% used [0x00000000eab00000,0x00000000edd00000,0x00000000edd00000)
  from space 6144K, 99% used [0x00000000ee380000,0x00000000ee97c020,0x00000000ee980000)
  to   space 6656K, 0% used [0x00000000edd00000,0x00000000edd00000,0x00000000ee380000)
 ParOldGen       total 163840K, used 163341K [0x00000000c0000000, 0x00000000ca000000, 0x00000000eab00000)
  object space 163840K, 99% used [0x00000000c0000000,0x00000000c9f83750,0x00000000ca000000)
 Metaspace       used 71400K, committed 73024K, reserved 1114112K
  class space    used 8474K, committed 9216K, reserved 1048576K
}
Event: 68.513 GC heap after
{Heap after GC invocations=124 (full 5):
 PSYoungGen      total 57856K, used 4080K [0x00000000eab00000, 0x00000000ee900000, 0x0000000100000000)
  eden space 51200K, 0% used [0x00000000eab00000,0x00000000eab00000,0x00000000edd00000)
  from space 6656K, 61% used [0x00000000edd00000,0x00000000ee0fc020,0x00000000ee380000)
  to   space 5120K, 0% used [0x00000000ee400000,0x00000000ee400000,0x00000000ee900000)
 ParOldGen       total 164352K, used 163925K [0x00000000c0000000, 0x00000000ca080000, 0x00000000eab00000)
  object space 164352K, 99% used [0x00000000c0000000,0x00000000ca015750,0x00000000ca080000)
 Metaspace       used 71400K, committed 73024K, reserved 1114112K
  class space    used 8474K, committed 9216K, reserved 1048576K
}
Event: 68.561 GC heap before
{Heap before GC invocations=125 (full 5):
 PSYoungGen      total 57856K, used 55280K [0x00000000eab00000, 0x00000000ee900000, 0x0000000100000000)
  eden space 51200K, 100% used [0x00000000eab00000,0x00000000edd00000,0x00000000edd00000)
  from space 6656K, 61% used [0x00000000edd00000,0x00000000ee0fc020,0x00000000ee380000)
  to   space 5120K, 0% used [0x00000000ee400000,0x00000000ee400000,0x00000000ee900000)
 ParOldGen       total 164352K, used 163925K [0x00000000c0000000, 0x00000000ca080000, 0x00000000eab00000)
  object space 164352K, 99% used [0x00000000c0000000,0x00000000ca015750,0x00000000ca080000)
 Metaspace       used 71401K, committed 73024K, reserved 1114112K
  class space    used 8474K, committed 9216K, reserved 1048576K
}
Event: 68.566 GC heap after
{Heap after GC invocations=125 (full 5):
 PSYoungGen      total 58368K, used 4530K [0x00000000eab00000, 0x00000000ee900000, 0x0000000100000000)
  eden space 53248K, 0% used [0x00000000eab00000,0x00000000eab00000,0x00000000edf00000)
  from space 5120K, 88% used [0x00000000ee400000,0x00000000ee86c820,0x00000000ee900000)
  to   space 5120K, 0% used [0x00000000edf00000,0x00000000edf00000,0x00000000ee400000)
 ParOldGen       total 164352K, used 163925K [0x00000000c0000000, 0x00000000ca080000, 0x00000000eab00000)
  object space 164352K, 99% used [0x00000000c0000000,0x00000000ca015750,0x00000000ca080000)
 Metaspace       used 71401K, committed 73024K, reserved 1114112K
  class space    used 8474K, committed 9216K, reserved 1048576K
}
Event: 68.660 GC heap before
{Heap before GC invocations=126 (full 5):
 PSYoungGen      total 58368K, used 57778K [0x00000000eab00000, 0x00000000ee900000, 0x0000000100000000)
  eden space 53248K, 100% used [0x00000000eab00000,0x00000000edf00000,0x00000000edf00000)
  from space 5120K, 88% used [0x00000000ee400000,0x00000000ee86c820,0x00000000ee900000)
  to   space 5120K, 0% used [0x00000000edf00000,0x00000000edf00000,0x00000000ee400000)
 ParOldGen       total 164352K, used 163925K [0x00000000c0000000, 0x00000000ca080000, 0x00000000eab00000)
  object space 164352K, 99% used [0x00000000c0000000,0x00000000ca015750,0x00000000ca080000)
 Metaspace       used 71559K, committed 73280K, reserved 1114112K
  class space    used 8489K, committed 9280K, reserved 1048576K
}
Event: 68.667 GC heap after
{Heap after GC invocations=126 (full 5):
 PSYoungGen      total 58368K, used 57778K [0x00000000eab00000, 0x00000000ee900000, 0x0000000100000000)
  eden space 53248K, 100% used [0x00000000eab00000,0x00000000edf00000,0x00000000edf00000)
  from space 5120K, 88% used [0x00000000ee400000,0x00000000ee86c820,0x00000000ee900000)
  to   space 5120K, 99% used [0x00000000edf00000,0x00000000ee3fc850,0x00000000ee400000)
 ParOldGen       total 166912K, used 166613K [0x00000000c0000000, 0x00000000ca300000, 0x00000000eab00000)
  object space 166912K, 99% used [0x00000000c0000000,0x00000000ca2b5750,0x00000000ca300000)
 Metaspace       used 71559K, committed 73280K, reserved 1114112K
  class space    used 8489K, committed 9280K, reserved 1048576K
}
Event: 68.667 GC heap before
{Heap before GC invocations=127 (full 6):
 PSYoungGen      total 58368K, used 57778K [0x00000000eab00000, 0x00000000ee900000, 0x0000000100000000)
  eden space 53248K, 100% used [0x00000000eab00000,0x00000000edf00000,0x00000000edf00000)
  from space 5120K, 88% used [0x00000000ee400000,0x00000000ee86c820,0x00000000ee900000)
  to   space 5120K, 99% used [0x00000000edf00000,0x00000000ee3fc850,0x00000000ee400000)
 ParOldGen       total 166912K, used 166613K [0x00000000c0000000, 0x00000000ca300000, 0x00000000eab00000)
  object space 166912K, 99% used [0x00000000c0000000,0x00000000ca2b5750,0x00000000ca300000)
 Metaspace       used 71559K, committed 73280K, reserved 1114112K
  class space    used 8489K, committed 9280K, reserved 1048576K
}
Event: 68.814 GC heap after
{Heap after GC invocations=127 (full 6):
 PSYoungGen      total 58368K, used 0K [0x00000000eab00000, 0x00000000ee900000, 0x0000000100000000)
  eden space 53248K, 0% used [0x00000000eab00000,0x00000000eab00000,0x00000000edf00000)
  from space 5120K, 0% used [0x00000000edf00000,0x00000000edf00000,0x00000000ee400000)
  to   space 5120K, 0% used [0x00000000ee400000,0x00000000ee400000,0x00000000ee900000)
 ParOldGen       total 166912K, used 116770K [0x00000000c0000000, 0x00000000ca300000, 0x00000000eab00000)
  object space 166912K, 69% used [0x00000000c0000000,0x00000000c72088e0,0x00000000ca300000)
 Metaspace       used 71552K, committed 73280K, reserved 1114112K
  class space    used 8487K, committed 9280K, reserved 1048576K
}

