# JRE version: OpenJDK Runtime Environment Temurin-21.0.6+7 (21.0.6+7) (build 21.0.6+7-LTS)
# Java VM: OpenJDK 64-Bit Server VM Temurin-21.0.6+7 (21.0.6+7-LTS, mixed mode, sharing, tiered, compressed oops, compressed class ptrs, parallel gc, windows-amd64)
GC Precious Log:
 CardTable entry size: 512
 CPUs: 8 total, 8 available
 Memory: 7991M
 Large Page Support: Disabled
 NUMA Support: Disabled
 Compressed Oops: Enabled (32-bit)
 Alignments: Space 512K, Generation 512K, Heap 2M
 Heap Min Capacity: 100M
 Heap Initial Capacity: 100M
 Heap Max Capacity: 1G
 Pre-touch: Disabled
 Parallel Workers: 8
Heap:
 PSYoungGen      total 22528K, used 16342K [0x00000000eab00000, 0x00000000ec300000, 0x0000000100000000)
  eden space 21504K, 75% used [0x00000000eab00000,0x00000000ebaf5998,0x00000000ec000000)
  from space 1024K, 0% used [0x00000000ec200000,0x00000000ec200000,0x00000000ec300000)
  to   space 1024K, 0% used [0x00000000ec100000,0x00000000ec100000,0x00000000ec200000)
 ParOldGen       total 68608K, used 27889K [0x00000000c0000000, 0x00000000c4300000, 0x00000000eab00000)
  object space 68608K, 40% used [0x00000000c0000000,0x00000000c1b3c670,0x00000000c4300000)
 Metaspace       used 36841K, committed 37760K, reserved 1114112K
  class space    used 3630K, committed 4032K, reserved 1048576K
GC Heap History (20 events):
Event: 7.737 GC heap before
{Heap before GC invocations=11 (full 1):
 PSYoungGen      total 27648K, used 27547K [0x00000000eab00000, 0x00000000eca80000, 0x0000000100000000)
  eden space 23040K, 100% used [0x00000000eab00000,0x00000000ec180000,0x00000000ec180000)
  from space 4608K, 97% used [0x00000000ec200000,0x00000000ec666c38,0x00000000ec680000)
  to   space 4096K, 0% used [0x00000000ec680000,0x00000000ec680000,0x00000000eca80000)
 ParOldGen       total 68608K, used 10098K [0x00000000c0000000, 0x00000000c4300000, 0x00000000eab00000)
  object space 68608K, 14% used [0x00000000c0000000,0x00000000c09dcbb0,0x00000000c4300000)
 Metaspace       used 31355K, committed 32320K, reserved 1114112K
  class space    used 3039K, committed 3456K, reserved 1048576K
}
Event: 7.741 GC heap after
{Heap after GC invocations=11 (full 1):
 PSYoungGen      total 26112K, used 3379K [0x00000000eab00000, 0x00000000eca00000, 0x0000000100000000)
  eden space 22528K, 0% used [0x00000000eab00000,0x00000000eab00000,0x00000000ec100000)
  from space 3584K, 94% used [0x00000000ec680000,0x00000000ec9ccf58,0x00000000eca00000)
  to   space 4096K, 0% used [0x00000000ec200000,0x00000000ec200000,0x00000000ec600000)
 ParOldGen       total 68608K, used 13101K [0x00000000c0000000, 0x00000000c4300000, 0x00000000eab00000)
  object space 68608K, 19% used [0x00000000c0000000,0x00000000c0ccb710,0x00000000c4300000)
 Metaspace       used 31355K, committed 32320K, reserved 1114112K
  class space    used 3039K, committed 3456K, reserved 1048576K
}
Event: 7.889 GC heap before
{Heap before GC invocations=12 (full 1):
 PSYoungGen      total 26112K, used 25907K [0x00000000eab00000, 0x00000000eca00000, 0x0000000100000000)
  eden space 22528K, 100% used [0x00000000eab00000,0x00000000ec100000,0x00000000ec100000)
  from space 3584K, 94% used [0x00000000ec680000,0x00000000ec9ccf58,0x00000000eca00000)
  to   space 4096K, 0% used [0x00000000ec200000,0x00000000ec200000,0x00000000ec600000)
 ParOldGen       total 68608K, used 13101K [0x00000000c0000000, 0x00000000c4300000, 0x00000000eab00000)
  object space 68608K, 19% used [0x00000000c0000000,0x00000000c0ccb710,0x00000000c4300000)
 Metaspace       used 31716K, committed 32640K, reserved 1114112K
  class space    used 3095K, committed 3520K, reserved 1048576K
}
Event: 7.893 GC heap after
{Heap after GC invocations=12 (full 1):
 PSYoungGen      total 24576K, used 2193K [0x00000000eab00000, 0x00000000ec700000, 0x0000000100000000)
  eden space 22016K, 0% used [0x00000000eab00000,0x00000000eab00000,0x00000000ec080000)
  from space 2560K, 85% used [0x00000000ec200000,0x00000000ec424420,0x00000000ec480000)
  to   space 2560K, 0% used [0x00000000ec480000,0x00000000ec480000,0x00000000ec700000)
 ParOldGen       total 68608K, used 16295K [0x00000000c0000000, 0x00000000c4300000, 0x00000000eab00000)
  object space 68608K, 23% used [0x00000000c0000000,0x00000000c0fe9f50,0x00000000c4300000)
 Metaspace       used 31716K, committed 32640K, reserved 1114112K
  class space    used 3095K, committed 3520K, reserved 1048576K
}
Event: 8.026 GC heap before
{Heap before GC invocations=13 (full 1):
 PSYoungGen      total 24576K, used 24209K [0x00000000eab00000, 0x00000000ec700000, 0x0000000100000000)
  eden space 22016K, 100% used [0x00000000eab00000,0x00000000ec080000,0x00000000ec080000)
  from space 2560K, 85% used [0x00000000ec200000,0x00000000ec424420,0x00000000ec480000)
  to   space 2560K, 0% used [0x00000000ec480000,0x00000000ec480000,0x00000000ec700000)
 ParOldGen       total 68608K, used 16295K [0x00000000c0000000, 0x00000000c4300000, 0x00000000eab00000)
  object space 68608K, 23% used [0x00000000c0000000,0x00000000c0fe9f50,0x00000000c4300000)
 Metaspace       used 31728K, committed 32640K, reserved 1114112K
  class space    used 3095K, committed 3520K, reserved 1048576K
}
Event: 8.032 GC heap after
{Heap after GC invocations=13 (full 1):
 PSYoungGen      total 24576K, used 2306K [0x00000000eab00000, 0x00000000ec700000, 0x0000000100000000)
  eden space 22016K, 0% used [0x00000000eab00000,0x00000000eab00000,0x00000000ec080000)
  from space 2560K, 90% used [0x00000000ec480000,0x00000000ec6c0810,0x00000000ec700000)
  to   space 2560K, 0% used [0x00000000ec200000,0x00000000ec200000,0x00000000ec480000)
 ParOldGen       total 68608K, used 18298K [0x00000000c0000000, 0x00000000c4300000, 0x00000000eab00000)
  object space 68608K, 26% used [0x00000000c0000000,0x00000000c11deae8,0x00000000c4300000)
 Metaspace       used 31728K, committed 32640K, reserved 1114112K
  class space    used 3095K, committed 3520K, reserved 1048576K
}
Event: 8.299 GC heap before
{Heap before GC invocations=14 (full 1):
 PSYoungGen      total 24576K, used 24322K [0x00000000eab00000, 0x00000000ec700000, 0x0000000100000000)
  eden space 22016K, 100% used [0x00000000eab00000,0x00000000ec080000,0x00000000ec080000)
  from space 2560K, 90% used [0x00000000ec480000,0x00000000ec6c0810,0x00000000ec700000)
  to   space 2560K, 0% used [0x00000000ec200000,0x00000000ec200000,0x00000000ec480000)
 ParOldGen       total 68608K, used 18298K [0x00000000c0000000, 0x00000000c4300000, 0x00000000eab00000)
  object space 68608K, 26% used [0x00000000c0000000,0x00000000c11deae8,0x00000000c4300000)
 Metaspace       used 31751K, committed 32704K, reserved 1114112K
  class space    used 3095K, committed 3520K, reserved 1048576K
}
Event: 8.305 GC heap after
{Heap after GC invocations=14 (full 1):
 PSYoungGen      total 24064K, used 2020K [0x00000000eab00000, 0x00000000ec580000, 0x0000000100000000)
  eden space 22016K, 0% used [0x00000000eab00000,0x00000000eab00000,0x00000000ec080000)
  from space 2048K, 98% used [0x00000000ec200000,0x00000000ec3f9000,0x00000000ec400000)
  to   space 1536K, 0% used [0x00000000ec400000,0x00000000ec400000,0x00000000ec580000)
 ParOldGen       total 68608K, used 20417K [0x00000000c0000000, 0x00000000c4300000, 0x00000000eab00000)
  object space 68608K, 29% used [0x00000000c0000000,0x00000000c13f04d0,0x00000000c4300000)
 Metaspace       used 31751K, committed 32704K, reserved 1114112K
  class space    used 3095K, committed 3520K, reserved 1048576K
}
Event: 8.415 GC heap before
{Heap before GC invocations=15 (full 1):
 PSYoungGen      total 24064K, used 24036K [0x00000000eab00000, 0x00000000ec580000, 0x0000000100000000)
  eden space 22016K, 100% used [0x00000000eab00000,0x00000000ec080000,0x00000000ec080000)
  from space 2048K, 98% used [0x00000000ec200000,0x00000000ec3f9000,0x00000000ec400000)
  to   space 1536K, 0% used [0x00000000ec400000,0x00000000ec400000,0x00000000ec580000)
 ParOldGen       total 68608K, used 20417K [0x00000000c0000000, 0x00000000c4300000, 0x00000000eab00000)
  object space 68608K, 29% used [0x00000000c0000000,0x00000000c13f04d0,0x00000000c4300000)
 Metaspace       used 31755K, committed 32704K, reserved 1114112K
  class space    used 3095K, committed 3520K, reserved 1048576K
}
Event: 8.421 GC heap after
{Heap after GC invocations=15 (full 1):
 PSYoungGen      total 23040K, used 1536K [0x00000000eab00000, 0x00000000ec880000, 0x0000000100000000)
  eden space 21504K, 0% used [0x00000000eab00000,0x00000000eab00000,0x00000000ec000000)
  from space 1536K, 100% used [0x00000000ec400000,0x00000000ec580000,0x00000000ec580000)
  to   space 4096K, 0% used [0x00000000ec000000,0x00000000ec000000,0x00000000ec400000)
 ParOldGen       total 68608K, used 22550K [0x00000000c0000000, 0x00000000c4300000, 0x00000000eab00000)
  object space 68608K, 32% used [0x00000000c0000000,0x00000000c1605b20,0x00000000c4300000)
 Metaspace       used 31755K, committed 32704K, reserved 1114112K
  class space    used 3095K, committed 3520K, reserved 1048576K
}
Event: 8.599 GC heap before
{Heap before GC invocations=16 (full 1):
 PSYoungGen      total 23040K, used 23040K [0x00000000eab00000, 0x00000000ec880000, 0x0000000100000000)
  eden space 21504K, 100% used [0x00000000eab00000,0x00000000ec000000,0x00000000ec000000)
  from space 1536K, 100% used [0x00000000ec400000,0x00000000ec580000,0x00000000ec580000)
  to   space 4096K, 0% used [0x00000000ec000000,0x00000000ec000000,0x00000000ec400000)
 ParOldGen       total 68608K, used 22550K [0x00000000c0000000, 0x00000000c4300000, 0x00000000eab00000)
  object space 68608K, 32% used [0x00000000c0000000,0x00000000c1605b20,0x00000000c4300000)
 Metaspace       used 31797K, committed 32704K, reserved 1114112K
  class space    used 3095K, committed 3520K, reserved 1048576K
}
Event: 8.603 GC heap after
{Heap after GC invocations=16 (full 1):
 PSYoungGen      total 24064K, used 2136K [0x00000000eab00000, 0x00000000ec600000, 0x0000000100000000)
  eden space 21504K, 0% used [0x00000000eab00000,0x00000000eab00000,0x00000000ec000000)
  from space 2560K, 83% used [0x00000000ec000000,0x00000000ec216210,0x00000000ec280000)
  to   space 3072K, 0% used [0x00000000ec300000,0x00000000ec300000,0x00000000ec600000)
 ParOldGen       total 68608K, used 24118K [0x00000000c0000000, 0x00000000c4300000, 0x00000000eab00000)
  object space 68608K, 35% used [0x00000000c0000000,0x00000000c178db20,0x00000000c4300000)
 Metaspace       used 31797K, committed 32704K, reserved 1114112K
  class space    used 3095K, committed 3520K, reserved 1048576K
}
Event: 8.766 GC heap before
{Heap before GC invocations=17 (full 1):
 PSYoungGen      total 24064K, used 23640K [0x00000000eab00000, 0x00000000ec600000, 0x0000000100000000)
  eden space 21504K, 100% used [0x00000000eab00000,0x00000000ec000000,0x00000000ec000000)
  from space 2560K, 83% used [0x00000000ec000000,0x00000000ec216210,0x00000000ec280000)
  to   space 3072K, 0% used [0x00000000ec300000,0x00000000ec300000,0x00000000ec600000)
 ParOldGen       total 68608K, used 24118K [0x00000000c0000000, 0x00000000c4300000, 0x00000000eab00000)
  object space 68608K, 35% used [0x00000000c0000000,0x00000000c178db20,0x00000000c4300000)
 Metaspace       used 32038K, committed 32896K, reserved 1114112K
  class space    used 3123K, committed 3520K, reserved 1048576K
}
Event: 8.772 GC heap after
{Heap after GC invocations=17 (full 1):
 PSYoungGen      total 23552K, used 1600K [0x00000000eab00000, 0x00000000ec500000, 0x0000000100000000)
  eden space 21504K, 0% used [0x00000000eab00000,0x00000000eab00000,0x00000000ec000000)
  from space 2048K, 78% used [0x00000000ec300000,0x00000000ec490000,0x00000000ec500000)
  to   space 2048K, 0% used [0x00000000ec100000,0x00000000ec100000,0x00000000ec300000)
 ParOldGen       total 68608K, used 26079K [0x00000000c0000000, 0x00000000c4300000, 0x00000000eab00000)
  object space 68608K, 38% used [0x00000000c0000000,0x00000000c1977d30,0x00000000c4300000)
 Metaspace       used 32038K, committed 32896K, reserved 1114112K
  class space    used 3123K, committed 3520K, reserved 1048576K
}
Event: 9.546 GC heap before
{Heap before GC invocations=18 (full 1):
 PSYoungGen      total 23552K, used 23094K [0x00000000eab00000, 0x00000000ec500000, 0x0000000100000000)
  eden space 21504K, 99% used [0x00000000eab00000,0x00000000ebffd958,0x00000000ec000000)
  from space 2048K, 78% used [0x00000000ec300000,0x00000000ec490000,0x00000000ec500000)
  to   space 2048K, 0% used [0x00000000ec100000,0x00000000ec100000,0x00000000ec300000)
 ParOldGen       total 68608K, used 26079K [0x00000000c0000000, 0x00000000c4300000, 0x00000000eab00000)
  object space 68608K, 38% used [0x00000000c0000000,0x00000000c1977d30,0x00000000c4300000)
 Metaspace       used 33958K, committed 34816K, reserved 1114112K
  class space    used 3389K, committed 3776K, reserved 1048576K
}
Event: 9.550 GC heap after
{Heap after GC invocations=18 (full 1):
 PSYoungGen      total 22528K, used 788K [0x00000000eab00000, 0x00000000ec380000, 0x0000000100000000)
  eden space 21504K, 0% used [0x00000000eab00000,0x00000000eab00000,0x00000000ec000000)
  from space 1024K, 77% used [0x00000000ec100000,0x00000000ec1c53c8,0x00000000ec200000)
  to   space 1536K, 0% used [0x00000000ec200000,0x00000000ec200000,0x00000000ec380000)
 ParOldGen       total 68608K, used 27620K [0x00000000c0000000, 0x00000000c4300000, 0x00000000eab00000)
  object space 68608K, 40% used [0x00000000c0000000,0x00000000c1af9088,0x00000000c4300000)
 Metaspace       used 33958K, committed 34816K, reserved 1114112K
  class space    used 3389K, committed 3776K, reserved 1048576K
}
Event: 9.937 GC heap before
{Heap before GC invocations=19 (full 1):
 PSYoungGen      total 22528K, used 17879K [0x00000000eab00000, 0x00000000ec380000, 0x0000000100000000)
  eden space 21504K, 79% used [0x00000000eab00000,0x00000000ebbb0ad0,0x00000000ec000000)
  from space 1024K, 77% used [0x00000000ec100000,0x00000000ec1c53c8,0x00000000ec200000)
  to   space 1536K, 0% used [0x00000000ec200000,0x00000000ec200000,0x00000000ec380000)
 ParOldGen       total 68608K, used 27620K [0x00000000c0000000, 0x00000000c4300000, 0x00000000eab00000)
  object space 68608K, 40% used [0x00000000c0000000,0x00000000c1af9088,0x00000000c4300000)
 Metaspace       used 34920K, committed 35840K, reserved 1114112K
  class space    used 3478K, committed 3904K, reserved 1048576K
}
Event: 9.939 GC heap after
{Heap after GC invocations=19 (full 1):
 PSYoungGen      total 22528K, used 512K [0x00000000eab00000, 0x00000000ec300000, 0x0000000100000000)
  eden space 21504K, 0% used [0x00000000eab00000,0x00000000eab00000,0x00000000ec000000)
  from space 1024K, 50% used [0x00000000ec200000,0x00000000ec280010,0x00000000ec300000)
  to   space 1024K, 0% used [0x00000000ec100000,0x00000000ec100000,0x00000000ec200000)
 ParOldGen       total 68608K, used 28367K [0x00000000c0000000, 0x00000000c4300000, 0x00000000eab00000)
  object space 68608K, 41% used [0x00000000c0000000,0x00000000c1bb3c90,0x00000000c4300000)
 Metaspace       used 34920K, committed 35840K, reserved 1114112K
  class space    used 3478K, committed 3904K, reserved 1048576K
}
Event: 9.939 GC heap before
{Heap before GC invocations=20 (full 2):
 PSYoungGen      total 22528K, used 512K [0x00000000eab00000, 0x00000000ec300000, 0x0000000100000000)
  eden space 21504K, 0% used [0x00000000eab00000,0x00000000eab00000,0x00000000ec000000)
  from space 1024K, 50% used [0x00000000ec200000,0x00000000ec280010,0x00000000ec300000)
  to   space 1024K, 0% used [0x00000000ec100000,0x00000000ec100000,0x00000000ec200000)
 ParOldGen       total 68608K, used 28367K [0x00000000c0000000, 0x00000000c4300000, 0x00000000eab00000)
  object space 68608K, 41% used [0x00000000c0000000,0x00000000c1bb3c90,0x00000000c4300000)
 Metaspace       used 34920K, committed 35840K, reserved 1114112K
  class space    used 3478K, committed 3904K, reserved 1048576K
}
Event: 10.031 GC heap after
{Heap after GC invocations=20 (full 2):
 PSYoungGen      total 22528K, used 0K [0x00000000eab00000, 0x00000000ec300000, 0x0000000100000000)
  eden space 21504K, 0% used [0x00000000eab00000,0x00000000eab00000,0x00000000ec000000)
  from space 1024K, 0% used [0x00000000ec200000,0x00000000ec200000,0x00000000ec300000)
  to   space 1024K, 0% used [0x00000000ec100000,0x00000000ec100000,0x00000000ec200000)
 ParOldGen       total 68608K, used 27889K [0x00000000c0000000, 0x00000000c4300000, 0x00000000eab00000)
  object space 68608K, 40% used [0x00000000c0000000,0x00000000c1b3c670,0x00000000c4300000)
 Metaspace       used 34920K, committed 35840K, reserved 1114112K
  class space    used 3478K, committed 3904K, reserved 1048576K
}

