# JRE version: Java(TM) SE Runtime Environment 18.9 (11.0.17+10) (build 11.0.17+10-LTS-269)
# Java VM: Java HotSpot(TM) 64-Bit Server VM 18.9 (11.0.17+10-LTS-269, mixed mode, tiered, compressed oops, g1 gc, windows-amd64)
Heap:
 garbage-first heap   total 129024K, used 35533K [0x0000000680000000, 0x0000000800000000)
  region size 1024K, 19 young (19456K), 3 survivors (3072K)
 Metaspace       used 26243K, capacity 26848K, committed 27004K, reserved 1073152K
  class space    used 3428K, capacity 3656K, committed 3788K, reserved 1048576K
GC Heap History (8 events):
Event: 0.896 GC heap before
{Heap before GC invocations=0 (full 0):
 garbage-first heap   total 129024K, used 27648K [0x0000000680000000, 0x0000000800000000)
  region size 1024K, 24 young (24576K), 0 survivors (0K)
 Metaspace       used 9631K, capacity 9829K, committed 10112K, reserved 1058816K
  class space    used 978K, capacity 1045K, committed 1152K, reserved 1048576K
}
Event: 0.904 GC heap after
{Heap after GC invocations=1 (full 0):
 garbage-first heap   total 129024K, used 10630K [0x0000000680000000, 0x0000000800000000)
  region size 1024K, 3 young (3072K), 3 survivors (3072K)
 Metaspace       used 9631K, capacity 9829K, committed 10112K, reserved 1058816K
  class space    used 978K, capacity 1045K, committed 1152K, reserved 1048576K
}
Event: 3.392 GC heap before
{Heap before GC invocations=1 (full 0):
 garbage-first heap   total 129024K, used 84358K [0x0000000680000000, 0x0000000800000000)
  region size 1024K, 75 young (76800K), 3 survivors (3072K)
 Metaspace       used 17517K, capacity 17855K, committed 18048K, reserved 1064960K
  class space    used 2023K, capacity 2160K, committed 2176K, reserved 1048576K
}
Event: 3.398 GC heap after
{Heap after GC invocations=2 (full 0):
 garbage-first heap   total 129024K, used 17460K [0x0000000680000000, 0x0000000800000000)
  region size 1024K, 10 young (10240K), 10 survivors (10240K)
 Metaspace       used 17517K, capacity 17855K, committed 18048K, reserved 1064960K
  class space    used 2023K, capacity 2160K, committed 2176K, reserved 1048576K
}
Event: 3.752 GC heap before
{Heap before GC invocations=2 (full 0):
 garbage-first heap   total 129024K, used 44084K [0x0000000680000000, 0x0000000800000000)
  region size 1024K, 38 young (38912K), 10 survivors (10240K)
 Metaspace       used 20794K, capacity 21223K, committed 21296K, reserved 1069056K
  class space    used 2523K, capacity 2673K, committed 2688K, reserved 1048576K
}
Event: 3.759 GC heap after
{Heap after GC invocations=3 (full 0):
 garbage-first heap   total 129024K, used 18853K [0x0000000680000000, 0x0000000800000000)
  region size 1024K, 2 young (2048K), 2 survivors (2048K)
 Metaspace       used 20794K, capacity 21223K, committed 21296K, reserved 1069056K
  class space    used 2523K, capacity 2673K, committed 2688K, reserved 1048576K
}
Event: 4.437 GC heap before
{Heap before GC invocations=4 (full 0):
 garbage-first heap   total 129024K, used 72101K [0x0000000680000000, 0x0000000800000000)
  region size 1024K, 55 young (56320K), 2 survivors (2048K)
 Metaspace       used 25107K, capacity 25737K, committed 25980K, reserved 1071104K
  class space    used 3239K, capacity 3455K, committed 3532K, reserved 1048576K
}
Event: 4.440 GC heap after
{Heap after GC invocations=5 (full 0):
 garbage-first heap   total 129024K, used 20173K [0x0000000680000000, 0x0000000800000000)
  region size 1024K, 3 young (3072K), 3 survivors (3072K)
 Metaspace       used 25107K, capacity 25737K, committed 25980K, reserved 1071104K
  class space    used 3239K, capacity 3455K, committed 3532K, reserved 1048576K
}

